  [1m[35m (107.9ms)[0m  [1m[35mCREATE DATABASE "backend_development" ENCODING = 'unicode'[0m
  [1m[35m (107.0ms)[0m  [1m[35mCREATE DATABASE "backend_development" ENCODING = 'unicode'[0m
  [1m[35m (107.7ms)[0m  [1m[35mCREATE DATABASE "backend_development" ENCODING = 'unicode'[0m
  [1m[35m (108.0ms)[0m  [1m[35mCREATE DATABASE "backend_development" ENCODING = 'unicode'[0m
  [1m[35m (83.3ms)[0m  [1m[35mCREATE DATABASE "backend_development" ENCODING = 'unicode'[0m
  [1m[35m (41.4ms)[0m  [1m[35mCREATE DATABASE "backend_test" ENCODING = 'unicode'[0m
Started GET "/" for 127.0.0.1 at 2024-08-27 16:21:19 +0500
  [1m[35m (6.6ms)[0m  [1m[35mCREATE TABLE "schema_migrations" ("version" character varying NOT NULL PRIMARY KEY)[0m
  [1m[35m (5.7ms)[0m  [1m[35mCREATE TABLE "ar_internal_metadata" ("key" character varying NOT NULL PRIMARY KEY, "value" character varying, "created_at" timestamp(6) NOT NULL, "updated_at" timestamp(6) NOT NULL)[0m
  [1m[36mActiveRecord::SchemaMigration Load (0.5ms)[0m  [1m[34mSELECT "schema_migrations"."version" FROM "schema_migrations" ORDER BY "schema_migrations"."version" ASC[0m
Processing by Rails::WelcomeController#index as HTML
  Rendering /var/lib/gems/3.2.0/gems/railties-7.2.1/lib/rails/templates/rails/welcome/index.html.erb
  Rendered /var/lib/gems/3.2.0/gems/railties-7.2.1/lib/rails/templates/rails/welcome/index.html.erb (Duration: 0.4ms | GC: 0.0ms)
Completed 200 OK in 9ms (Views: 3.7ms | ActiveRecord: 0.0ms (0 queries, 0 cached) | GC: 0.5ms)


Started GET "/" for ::1 at 2024-08-27 16:21:42 +0500
Processing by Rails::WelcomeController#index as HTML
  Rendering /var/lib/gems/3.2.0/gems/railties-7.2.1/lib/rails/templates/rails/welcome/index.html.erb
  Rendered /var/lib/gems/3.2.0/gems/railties-7.2.1/lib/rails/templates/rails/welcome/index.html.erb (Duration: 0.1ms | GC: 0.0ms)
Completed 200 OK in 1ms (Views: 0.4ms | ActiveRecord: 0.0ms (0 queries, 0 cached) | GC: 0.0ms)


Started GET "/icon.png" for ::1 at 2024-08-27 16:21:43 +0500
  
ActionController::RoutingError (No route matches [GET] "/icon.png"):
  
  [1m[35m (1.5ms)[0m  [1m[34mSELECT pg_try_advisory_lock(5073945470573576205)[0m
  [1m[36mActiveRecord::SchemaMigration Load (0.4ms)[0m  [1m[34mSELECT "schema_migrations"."version" FROM "schema_migrations" ORDER BY "schema_migrations"."version" ASC[0m
  [1m[36mActiveRecord::InternalMetadata Load (0.4ms)[0m  [1m[34mSELECT * FROM "ar_internal_metadata" WHERE "ar_internal_metadata"."key" = $1 ORDER BY "ar_internal_metadata"."key" ASC LIMIT 1[0m  [[nil, "environment"]]
  [1m[36mActiveRecord::InternalMetadata Create (1.3ms)[0m  [1m[32mINSERT INTO "ar_internal_metadata" ("key", "value", "created_at", "updated_at") VALUES ('environment', 'development', '2024-08-27 11:42:19.770321', '2024-08-27 11:42:19.770323') RETURNING "key"[0m
Migrating to CreateUsers (20240827113649)
  [1m[36mTRANSACTION (0.1ms)[0m  [1m[35mBEGIN[0m
  [1m[35m (5.2ms)[0m  [1m[35mCREATE TABLE "users" ("id" bigserial primary key, "username" character varying, "password_digest" character varying, "age" integer, "email" character varying, "created_at" timestamp(6) NOT NULL, "updated_at" timestamp(6) NOT NULL)[0m
  [1m[36mActiveRecord::SchemaMigration Create (0.3ms)[0m  [1m[32mINSERT INTO "schema_migrations" ("version") VALUES ('20240827113649') RETURNING "version"[0m
  [1m[36mTRANSACTION (1.2ms)[0m  [1m[35mCOMMIT[0m
  [1m[35m (0.2ms)[0m  [1m[34mSELECT pg_advisory_unlock(5073945470573576205)[0m
  [1m[36mActiveRecord::SchemaMigration Load (0.1ms)[0m  [1m[34mSELECT "schema_migrations"."version" FROM "schema_migrations" ORDER BY "schema_migrations"."version" ASC[0m
  [1m[36mActiveRecord::SchemaMigration Load (0.7ms)[0m  [1m[34mSELECT "schema_migrations"."version" FROM "schema_migrations" ORDER BY "schema_migrations"."version" ASC[0m
  [1m[36mTRANSACTION (0.4ms)[0m  [1m[35mBEGIN[0m
  [1m[36mUser Create (1.7ms)[0m  [1m[32mINSERT INTO "users" ("username", "password_digest", "age", "email", "created_at", "updated_at") VALUES ($1, $2, $3, $4, $5, $6) RETURNING "id"[0m  [["username", "admin"], ["password_digest", "[FILTERED]"], ["age", 22], ["email", "[FILTERED]"], ["created_at", "2024-08-27 11:44:13.788235"], ["updated_at", "2024-08-27 11:44:13.788235"]]
  [1m[36mTRANSACTION (2.0ms)[0m  [1m[35mCOMMIT[0m
Started GET "/" for ::1 at 2024-08-27 18:04:42 +0500
  [1m[36mActiveRecord::SchemaMigration Load (0.5ms)[0m  [1m[34mSELECT "schema_migrations"."version" FROM "schema_migrations" ORDER BY "schema_migrations"."version" ASC[0m
Processing by Rails::WelcomeController#index as HTML
  Rendering /var/lib/gems/3.2.0/gems/railties-7.2.1/lib/rails/templates/rails/welcome/index.html.erb
  Rendered /var/lib/gems/3.2.0/gems/railties-7.2.1/lib/rails/templates/rails/welcome/index.html.erb (Duration: 0.3ms | GC: 0.0ms)
Completed 200 OK in 3ms (Views: 1.3ms | ActiveRecord: 0.0ms (0 queries, 0 cached) | GC: 0.0ms)


Started GET "/" for ::1 at 2024-08-27 18:09:17 +0500
Processing by Rails::WelcomeController#index as HTML
  Rendering /var/lib/gems/3.2.0/gems/railties-7.2.1/lib/rails/templates/rails/welcome/index.html.erb
  Rendered /var/lib/gems/3.2.0/gems/railties-7.2.1/lib/rails/templates/rails/welcome/index.html.erb (Duration: 0.1ms | GC: 0.0ms)
Completed 200 OK in 1ms (Views: 0.4ms | ActiveRecord: 0.0ms (0 queries, 0 cached) | GC: 0.0ms)


Started GET "/login" for ::1 at 2024-08-27 18:09:22 +0500
  
ActionController::RoutingError (No route matches [GET] "/login"):
  
Started GET "/favicon.ico" for ::1 at 2024-08-27 18:09:22 +0500
  
ActionController::RoutingError (No route matches [GET] "/favicon.ico"):
  
Started POST "/login" for ::1 at 2024-08-27 18:10:50 +0500
Processing by UsersController#login as */*
  Parameters: {"username"=>"admin", "password"=>"[FILTERED]", "user"=>{"username"=>"admin"}}
Completed 500 Internal Server Error in 31397ms (ActiveRecord: 22.0ms (0 queries, 0 cached) | GC: 10.8ms)


  
Errno::EIO (Input/output error - read):
  
app/controllers/users_controller.rb:16:in `login'
Started GET "/login" for ::1 at 2024-08-27 18:11:29 +0500
  [1m[36mActiveRecord::SchemaMigration Load (0.7ms)[0m  [1m[34mSELECT "schema_migrations"."version" FROM "schema_migrations" ORDER BY "schema_migrations"."version" ASC[0m
  
ActionController::RoutingError (No route matches [GET] "/login"):
  
Started GET "/login" for ::1 at 2024-08-27 18:11:36 +0500
  
ActionController::RoutingError (No route matches [GET] "/login"):
  
Started POST "/login" for ::1 at 2024-08-27 18:11:51 +0500
Processing by UsersController#login as */*
  Parameters: {"username"=>"admin", "password"=>"[FILTERED]", "user"=>{"username"=>"admin"}}
  [1m[36mUser Load (0.3ms)[0m  [1m[34mSELECT "users".* FROM "users" WHERE "users"."username" = $1 LIMIT $2[0m  [["username", "admin"], ["LIMIT", 1]]
  ↳ app/controllers/users_controller.rb:15:in `login'
Completed 202 Accepted in 181ms (Views: 0.3ms | ActiveRecord: 25.4ms (1 query, 0 cached) | GC: 0.4ms)


Started POST "/auto_login" for ::1 at 2024-08-27 18:13:41 +0500
  
ActionController::RoutingError (No route matches [POST] "/auto_login"):
  
Started GET "/auto_login" for ::1 at 2024-08-27 18:13:51 +0500
Processing by UsersController#auto_login as */*
  Parameters: {"username"=>"admin", "password"=>"[FILTERED]", "user"=>{"username"=>"admin"}}
  [1m[36mUser Load (0.3ms)[0m  [1m[34mSELECT "users".* FROM "users" WHERE "users"."id" = $1 LIMIT $2[0m  [["id", 1], ["LIMIT", 1]]
  ↳ app/controllers/application_controller.rb:24:in `logged_in_user'
Completed 200 OK in 3ms (Views: 0.2ms | ActiveRecord: 0.3ms (1 query, 0 cached) | GC: 0.0ms)


Started GET "/login" for ::1 at 2024-08-27 18:14:23 +0500
  
ActionController::RoutingError (No route matches [GET] "/login"):
  
Started POST "/login" for ::1 at 2024-08-27 18:14:26 +0500
Processing by UsersController#login as */*
  Parameters: {"username"=>"admin", "password"=>"[FILTERED]", "user"=>{"username"=>"admin"}}
  [1m[36mUser Load (0.3ms)[0m  [1m[34mSELECT "users".* FROM "users" WHERE "users"."username" = $1 LIMIT $2[0m  [["username", "admin"], ["LIMIT", 1]]
  ↳ app/controllers/users_controller.rb:15:in `login'
Completed 202 Accepted in 173ms (Views: 0.2ms | ActiveRecord: 0.3ms (1 query, 0 cached) | GC: 0.0ms)


Started GET "/auto_login" for ::1 at 2024-08-27 18:15:58 +0500
Processing by UsersController#auto_login as */*
  [1m[36mUser Load (0.2ms)[0m  [1m[34mSELECT "users".* FROM "users" WHERE "users"."id" = $1 LIMIT $2[0m  [["id", 1], ["LIMIT", 1]]
  ↳ app/controllers/application_controller.rb:24:in `logged_in_user'
Completed 200 OK in 2ms (Views: 0.2ms | ActiveRecord: 0.2ms (1 query, 0 cached) | GC: 0.0ms)


